This is pdfTeX, Version 3.14159265-2.6-1.40.18 (TeX Live 2017/Debian) (preloaded format=pdflatex 2017.10.27)  8 MAY 2018 13:58
entering extended mode
 restricted \write18 enabled.
 %&-line parsing enabled.
**amnat_sub.tex
(./amnat_sub.tex
LaTeX2e <2017-04-15>
Babel <3.12> and hyphenation patterns for 84 language(s) loaded.
(/usr/share/texlive/texmf-dist/tex/latex/base/article.cls
Document Class: article 2014/09/29 v1.4h Standard LaTeX document class
(/usr/share/texlive/texmf-dist/tex/latex/base/size11.clo
File: size11.clo 2014/09/29 v1.4h Standard LaTeX file (size option)
)
\c@part=\count79
\c@section=\count80
\c@subsection=\count81
\c@subsubsection=\count82
\c@paragraph=\count83
\c@subparagraph=\count84
\c@figure=\count85
\c@table=\count86
\abovecaptionskip=\skip41
\belowcaptionskip=\skip42
\bibindent=\dimen102
)
(/usr/share/texlive/texmf-dist/tex/latex/psnfss/mathpazo.sty
Package: mathpazo 2005/04/12 PSNFSS-v9.2a Palatino w/ Pazo Math (D.Puga, WaS) 
\symupright=\mathgroup4
)
(/usr/share/texlive/texmf-dist/tex/latex/amsmath/amsmath.sty
Package: amsmath 2016/11/05 v2.16a AMS math features
\@mathmargin=\skip43

For additional information on amsmath, use the `?' option.
(/usr/share/texlive/texmf-dist/tex/latex/amsmath/amstext.sty
Package: amstext 2000/06/29 v2.01 AMS text

(/usr/share/texlive/texmf-dist/tex/latex/amsmath/amsgen.sty
File: amsgen.sty 1999/11/30 v2.0 generic functions
\@emptytoks=\toks14
\ex@=\dimen103
))
(/usr/share/texlive/texmf-dist/tex/latex/amsmath/amsbsy.sty
Package: amsbsy 1999/11/29 v1.2d Bold Symbols
\pmbraise@=\dimen104
)
(/usr/share/texlive/texmf-dist/tex/latex/amsmath/amsopn.sty
Package: amsopn 2016/03/08 v2.02 operator names
)
\inf@bad=\count87
LaTeX Info: Redefining \frac on input line 213.
\uproot@=\count88
\leftroot@=\count89
LaTeX Info: Redefining \overline on input line 375.
\classnum@=\count90
\DOTSCASE@=\count91
LaTeX Info: Redefining \ldots on input line 472.
LaTeX Info: Redefining \dots on input line 475.
LaTeX Info: Redefining \cdots on input line 596.
\Mathstrutbox@=\box26
\strutbox@=\box27
\big@size=\dimen105
LaTeX Font Info:    Redeclaring font encoding OML on input line 712.
LaTeX Font Info:    Redeclaring font encoding OMS on input line 713.
\macc@depth=\count92
\c@MaxMatrixCols=\count93
\dotsspace@=\muskip10
\c@parentequation=\count94
\dspbrk@lvl=\count95
\tag@help=\toks15
\row@=\count96
\column@=\count97
\maxfields@=\count98
\andhelp@=\toks16
\eqnshift@=\dimen106
\alignsep@=\dimen107
\tagshift@=\dimen108
\tagwidth@=\dimen109
\totwidth@=\dimen110
\lineht@=\dimen111
\@envbody=\toks17
\multlinegap=\skip44
\multlinetaggap=\skip45
\mathdisplay@stack=\toks18
LaTeX Info: Redefining \[ on input line 2817.
LaTeX Info: Redefining \] on input line 2818.
)
(/usr/share/texlive/texmf-dist/tex/latex/amscls/amsthm.sty
Package: amsthm 2015/03/04 v2.20.2
\thm@style=\toks19
\thm@bodyfont=\toks20
\thm@headfont=\toks21
\thm@notefont=\toks22
\thm@headpunct=\toks23
\thm@preskip=\skip46
\thm@postskip=\skip47
\thm@headsep=\skip48
\dth@everypar=\toks24
)
(/usr/share/texlive/texmf-dist/tex/latex/preprint/fullpage.sty
Package: fullpage 1999/02/23 1.1 (PWD)
\FP@margin=\skip49
)
(/usr/share/texlive/texmf-dist/tex/latex/natbib/natbib.sty
Package: natbib 2010/09/13 8.31b (PWD, AO)
\bibhang=\skip50
\bibsep=\skip51
LaTeX Info: Redefining \cite on input line 694.
\c@NAT@ctr=\count99
)
(/usr/share/texlive/texmf-dist/tex/latex/base/inputenc.sty
Package: inputenc 2015/03/17 v1.2c Input encoding file
\inpenc@prehook=\toks25
\inpenc@posthook=\toks26

(/usr/share/texlive/texmf-dist/tex/latex/base/utf8.def
File: utf8.def 2017/01/28 v1.1t UTF-8 support for inputenc
Now handling font encoding OML ...
... no UTF-8 mapping file for font encoding OML
Now handling font encoding T1 ...
... processing UTF-8 mapping file for font encoding T1

(/usr/share/texlive/texmf-dist/tex/latex/base/t1enc.dfu
File: t1enc.dfu 2017/01/28 v1.1t UTF-8 support for inputenc
   defining Unicode char U+00A0 (decimal 160)
   defining Unicode char U+00A1 (decimal 161)
   defining Unicode char U+00A3 (decimal 163)
   defining Unicode char U+00AB (decimal 171)
   defining Unicode char U+00AD (decimal 173)
   defining Unicode char U+00BB (decimal 187)
   defining Unicode char U+00BF (decimal 191)
   defining Unicode char U+00C0 (decimal 192)
   defining Unicode char U+00C1 (decimal 193)
   defining Unicode char U+00C2 (decimal 194)
   defining Unicode char U+00C3 (decimal 195)
   defining Unicode char U+00C4 (decimal 196)
   defining Unicode char U+00C5 (decimal 197)
   defining Unicode char U+00C6 (decimal 198)
   defining Unicode char U+00C7 (decimal 199)
   defining Unicode char U+00C8 (decimal 200)
   defining Unicode char U+00C9 (decimal 201)
   defining Unicode char U+00CA (decimal 202)
   defining Unicode char U+00CB (decimal 203)
   defining Unicode char U+00CC (decimal 204)
   defining Unicode char U+00CD (decimal 205)
   defining Unicode char U+00CE (decimal 206)
   defining Unicode char U+00CF (decimal 207)
   defining Unicode char U+00D0 (decimal 208)
   defining Unicode char U+00D1 (decimal 209)
   defining Unicode char U+00D2 (decimal 210)
   defining Unicode char U+00D3 (decimal 211)
   defining Unicode char U+00D4 (decimal 212)
   defining Unicode char U+00D5 (decimal 213)
   defining Unicode char U+00D6 (decimal 214)
   defining Unicode char U+00D8 (decimal 216)
   defining Unicode char U+00D9 (decimal 217)
   defining Unicode char U+00DA (decimal 218)
   defining Unicode char U+00DB (decimal 219)
   defining Unicode char U+00DC (decimal 220)
   defining Unicode char U+00DD (decimal 221)
   defining Unicode char U+00DE (decimal 222)
   defining Unicode char U+00DF (decimal 223)
   defining Unicode char U+00E0 (decimal 224)
   defining Unicode char U+00E1 (decimal 225)
   defining Unicode char U+00E2 (decimal 226)
   defining Unicode char U+00E3 (decimal 227)
   defining Unicode char U+00E4 (decimal 228)
   defining Unicode char U+00E5 (decimal 229)
   defining Unicode char U+00E6 (decimal 230)
   defining Unicode char U+00E7 (decimal 231)
   defining Unicode char U+00E8 (decimal 232)
   defining Unicode char U+00E9 (decimal 233)
   defining Unicode char U+00EA (decimal 234)
   defining Unicode char U+00EB (decimal 235)
   defining Unicode char U+00EC (decimal 236)
   defining Unicode char U+00ED (decimal 237)
   defining Unicode char U+00EE (decimal 238)
   defining Unicode char U+00EF (decimal 239)
   defining Unicode char U+00F0 (decimal 240)
   defining Unicode char U+00F1 (decimal 241)
   defining Unicode char U+00F2 (decimal 242)
   defining Unicode char U+00F3 (decimal 243)
   defining Unicode char U+00F4 (decimal 244)
   defining Unicode char U+00F5 (decimal 245)
   defining Unicode char U+00F6 (decimal 246)
   defining Unicode char U+00F8 (decimal 248)
   defining Unicode char U+00F9 (decimal 249)
   defining Unicode char U+00FA (decimal 250)
   defining Unicode char U+00FB (decimal 251)
   defining Unicode char U+00FC (decimal 252)
   defining Unicode char U+00FD (decimal 253)
   defining Unicode char U+00FE (decimal 254)
   defining Unicode char U+00FF (decimal 255)
   defining Unicode char U+0100 (decimal 256)
   defining Unicode char U+0101 (decimal 257)
   defining Unicode char U+0102 (decimal 258)
   defining Unicode char U+0103 (decimal 259)
   defining Unicode char U+0104 (decimal 260)
   defining Unicode char U+0105 (decimal 261)
   defining Unicode char U+0106 (decimal 262)
   defining Unicode char U+0107 (decimal 263)
   defining Unicode char U+0108 (decimal 264)
   defining Unicode char U+0109 (decimal 265)
   defining Unicode char U+010A (decimal 266)
   defining Unicode char U+010B (decimal 267)
   defining Unicode char U+010C (decimal 268)
   defining Unicode char U+010D (decimal 269)
   defining Unicode char U+010E (decimal 270)
   defining Unicode char U+010F (decimal 271)
   defining Unicode char U+0110 (decimal 272)
   defining Unicode char U+0111 (decimal 273)
   defining Unicode char U+0112 (decimal 274)
   defining Unicode char U+0113 (decimal 275)
   defining Unicode char U+0114 (decimal 276)
   defining Unicode char U+0115 (decimal 277)
   defining Unicode char U+0116 (decimal 278)
   defining Unicode char U+0117 (decimal 279)
   defining Unicode char U+0118 (decimal 280)
   defining Unicode char U+0119 (decimal 281)
   defining Unicode char U+011A (decimal 282)
   defining Unicode char U+011B (decimal 283)
   defining Unicode char U+011C (decimal 284)
   defining Unicode char U+011D (decimal 285)
   defining Unicode char U+011E (decimal 286)
   defining Unicode char U+011F (decimal 287)
   defining Unicode char U+0120 (decimal 288)
   defining Unicode char U+0121 (decimal 289)
   defining Unicode char U+0122 (decimal 290)
   defining Unicode char U+0123 (decimal 291)
   defining Unicode char U+0124 (decimal 292)
   defining Unicode char U+0125 (decimal 293)
   defining Unicode char U+0128 (decimal 296)
   defining Unicode char U+0129 (decimal 297)
   defining Unicode char U+012A (decimal 298)
   defining Unicode char U+012B (decimal 299)
   defining Unicode char U+012C (decimal 300)
   defining Unicode char U+012D (decimal 301)
   defining Unicode char U+012E (decimal 302)
   defining Unicode char U+012F (decimal 303)
   defining Unicode char U+0130 (decimal 304)
   defining Unicode char U+0131 (decimal 305)
   defining Unicode char U+0132 (decimal 306)
   defining Unicode char U+0133 (decimal 307)
   defining Unicode char U+0134 (decimal 308)
   defining Unicode char U+0135 (decimal 309)
   defining Unicode char U+0136 (decimal 310)
   defining Unicode char U+0137 (decimal 311)
   defining Unicode char U+0139 (decimal 313)
   defining Unicode char U+013A (decimal 314)
   defining Unicode char U+013B (decimal 315)
   defining Unicode char U+013C (decimal 316)
   defining Unicode char U+013D (decimal 317)
   defining Unicode char U+013E (decimal 318)
   defining Unicode char U+0141 (decimal 321)
   defining Unicode char U+0142 (decimal 322)
   defining Unicode char U+0143 (decimal 323)
   defining Unicode char U+0144 (decimal 324)
   defining Unicode char U+0145 (decimal 325)
   defining Unicode char U+0146 (decimal 326)
   defining Unicode char U+0147 (decimal 327)
   defining Unicode char U+0148 (decimal 328)
   defining Unicode char U+014A (decimal 330)
   defining Unicode char U+014B (decimal 331)
   defining Unicode char U+014C (decimal 332)
   defining Unicode char U+014D (decimal 333)
   defining Unicode char U+014E (decimal 334)
   defining Unicode char U+014F (decimal 335)
   defining Unicode char U+0150 (decimal 336)
   defining Unicode char U+0151 (decimal 337)
   defining Unicode char U+0152 (decimal 338)
   defining Unicode char U+0153 (decimal 339)
   defining Unicode char U+0154 (decimal 340)
   defining Unicode char U+0155 (decimal 341)
   defining Unicode char U+0156 (decimal 342)
   defining Unicode char U+0157 (decimal 343)
   defining Unicode char U+0158 (decimal 344)
   defining Unicode char U+0159 (decimal 345)
   defining Unicode char U+015A (decimal 346)
   defining Unicode char U+015B (decimal 347)
   defining Unicode char U+015C (decimal 348)
   defining Unicode char U+015D (decimal 349)
   defining Unicode char U+015E (decimal 350)
   defining Unicode char U+015F (decimal 351)
   defining Unicode char U+0160 (decimal 352)
   defining Unicode char U+0161 (decimal 353)
   defining Unicode char U+0162 (decimal 354)
   defining Unicode char U+0163 (decimal 355)
   defining Unicode char U+0164 (decimal 356)
   defining Unicode char U+0165 (decimal 357)
   defining Unicode char U+0168 (decimal 360)
   defining Unicode char U+0169 (decimal 361)
   defining Unicode char U+016A (decimal 362)
   defining Unicode char U+016B (decimal 363)
   defining Unicode char U+016C (decimal 364)
   defining Unicode char U+016D (decimal 365)
   defining Unicode char U+016E (decimal 366)
   defining Unicode char U+016F (decimal 367)
   defining Unicode char U+0170 (decimal 368)
   defining Unicode char U+0171 (decimal 369)
   defining Unicode char U+0172 (decimal 370)
   defining Unicode char U+0173 (decimal 371)
   defining Unicode char U+0174 (decimal 372)
   defining Unicode char U+0175 (decimal 373)
   defining Unicode char U+0176 (decimal 374)
   defining Unicode char U+0177 (decimal 375)
   defining Unicode char U+0178 (decimal 376)
   defining Unicode char U+0179 (decimal 377)
   defining Unicode char U+017A (decimal 378)
   defining Unicode char U+017B (decimal 379)
   defining Unicode char U+017C (decimal 380)
   defining Unicode char U+017D (decimal 381)
   defining Unicode char U+017E (decimal 382)
   defining Unicode char U+01CD (decimal 461)
   defining Unicode char U+01CE (decimal 462)
   defining Unicode char U+01CF (decimal 463)
   defining Unicode char U+01D0 (decimal 464)
   defining Unicode char U+01D1 (decimal 465)
   defining Unicode char U+01D2 (decimal 466)
   defining Unicode char U+01D3 (decimal 467)
   defining Unicode char U+01D4 (decimal 468)
   defining Unicode char U+01E2 (decimal 482)
   defining Unicode char U+01E3 (decimal 483)
   defining Unicode char U+01E6 (decimal 486)
   defining Unicode char U+01E7 (decimal 487)
   defining Unicode char U+01E8 (decimal 488)
   defining Unicode char U+01E9 (decimal 489)
   defining Unicode char U+01EA (decimal 490)
   defining Unicode char U+01EB (decimal 491)
   defining Unicode char U+01F0 (decimal 496)
   defining Unicode char U+01F4 (decimal 500)
   defining Unicode char U+01F5 (decimal 501)
   defining Unicode char U+0218 (decimal 536)
   defining Unicode char U+0219 (decimal 537)
   defining Unicode char U+021A (decimal 538)
   defining Unicode char U+021B (decimal 539)
   defining Unicode char U+0232 (decimal 562)
   defining Unicode char U+0233 (decimal 563)
   defining Unicode char U+1E02 (decimal 7682)
   defining Unicode char U+1E03 (decimal 7683)
   defining Unicode char U+200C (decimal 8204)
   defining Unicode char U+2010 (decimal 8208)
   defining Unicode char U+2011 (decimal 8209)
   defining Unicode char U+2012 (decimal 8210)
   defining Unicode char U+2013 (decimal 8211)
   defining Unicode char U+2014 (decimal 8212)
   defining Unicode char U+2015 (decimal 8213)
   defining Unicode char U+2018 (decimal 8216)
   defining Unicode char U+2019 (decimal 8217)
   defining Unicode char U+201A (decimal 8218)
   defining Unicode char U+201C (decimal 8220)
   defining Unicode char U+201D (decimal 8221)
   defining Unicode char U+201E (decimal 8222)
   defining Unicode char U+2030 (decimal 8240)
   defining Unicode char U+2031 (decimal 8241)
   defining Unicode char U+2039 (decimal 8249)
   defining Unicode char U+203A (decimal 8250)
   defining Unicode char U+2423 (decimal 9251)
   defining Unicode char U+1E20 (decimal 7712)
   defining Unicode char U+1E21 (decimal 7713)
)
Now handling font encoding OT1 ...
... processing UTF-8 mapping file for font encoding OT1

(/usr/share/texlive/texmf-dist/tex/latex/base/ot1enc.dfu
File: ot1enc.dfu 2017/01/28 v1.1t UTF-8 support for inputenc
   defining Unicode char U+00A0 (decimal 160)
   defining Unicode char U+00A1 (decimal 161)
   defining Unicode char U+00A3 (decimal 163)
   defining Unicode char U+00AD (decimal 173)
   defining Unicode char U+00B8 (decimal 184)
   defining Unicode char U+00BF (decimal 191)
   defining Unicode char U+00C5 (decimal 197)
   defining Unicode char U+00C6 (decimal 198)
   defining Unicode char U+00D8 (decimal 216)
   defining Unicode char U+00DF (decimal 223)
   defining Unicode char U+00E6 (decimal 230)
   defining Unicode char U+00EC (decimal 236)
   defining Unicode char U+00ED (decimal 237)
   defining Unicode char U+00EE (decimal 238)
   defining Unicode char U+00EF (decimal 239)
   defining Unicode char U+00F8 (decimal 248)
   defining Unicode char U+0131 (decimal 305)
   defining Unicode char U+0141 (decimal 321)
   defining Unicode char U+0142 (decimal 322)
   defining Unicode char U+0152 (decimal 338)
   defining Unicode char U+0153 (decimal 339)
   defining Unicode char U+0174 (decimal 372)
   defining Unicode char U+0175 (decimal 373)
   defining Unicode char U+0176 (decimal 374)
   defining Unicode char U+0177 (decimal 375)
   defining Unicode char U+0218 (decimal 536)
   defining Unicode char U+0219 (decimal 537)
   defining Unicode char U+021A (decimal 538)
   defining Unicode char U+021B (decimal 539)
   defining Unicode char U+2013 (decimal 8211)
   defining Unicode char U+2014 (decimal 8212)
   defining Unicode char U+2018 (decimal 8216)
   defining Unicode char U+2019 (decimal 8217)
   defining Unicode char U+201C (decimal 8220)
   defining Unicode char U+201D (decimal 8221)
)
Now handling font encoding OMS ...
... processing UTF-8 mapping file for font encoding OMS

(/usr/share/texlive/texmf-dist/tex/latex/base/omsenc.dfu
File: omsenc.dfu 2017/01/28 v1.1t UTF-8 support for inputenc
   defining Unicode char U+00A7 (decimal 167)
   defining Unicode char U+00B6 (decimal 182)
   defining Unicode char U+00B7 (decimal 183)
   defining Unicode char U+2020 (decimal 8224)
   defining Unicode char U+2021 (decimal 8225)
   defining Unicode char U+2022 (decimal 8226)
)
Now handling font encoding OMX ...
... no UTF-8 mapping file for font encoding OMX
Now handling font encoding U ...
... no UTF-8 mapping file for font encoding U
   defining Unicode char U+00A9 (decimal 169)
   defining Unicode char U+00AA (decimal 170)
   defining Unicode char U+00AE (decimal 174)
   defining Unicode char U+00BA (decimal 186)
   defining Unicode char U+02C6 (decimal 710)
   defining Unicode char U+02DC (decimal 732)
   defining Unicode char U+200C (decimal 8204)
   defining Unicode char U+2026 (decimal 8230)
   defining Unicode char U+2122 (decimal 8482)
   defining Unicode char U+2423 (decimal 9251)
))
(/usr/share/texlive/texmf-dist/tex/latex/lineno/lineno.sty
Package: lineno 2005/11/02 line numbers on paragraphs v4.41
\linenopenalty=\count100
\output=\toks27
\linenoprevgraf=\count101
\linenumbersep=\dimen112
\linenumberwidth=\dimen113
\c@linenumber=\count102
\c@pagewiselinenumber=\count103
\c@LN@truepage=\count104
\c@internallinenumber=\count105
\c@internallinenumbers=\count106
\quotelinenumbersep=\dimen114
\bframerule=\dimen115
\bframesep=\dimen116
\bframebox=\box28
LaTeX Info: Redefining \\ on input line 3056.
)
(/usr/share/texlive/texmf-dist/tex/latex/titlesec/titlesec.sty
Package: titlesec 2016/03/21 v2.10.2 Sectioning titles
\ttl@box=\box29
\beforetitleunit=\skip52
\aftertitleunit=\skip53
\ttl@plus=\dimen117
\ttl@minus=\dimen118
\ttl@toksa=\toks28
\titlewidth=\dimen119
\titlewidthlast=\dimen120
\titlewidthfirst=\dimen121
)
(/usr/share/texlive/texmf-dist/tex/latex/caption/caption.sty
Package: caption 2016/02/21 v3.3-144 Customizing captions (AR)

(/usr/share/texlive/texmf-dist/tex/latex/caption/caption3.sty
Package: caption3 2016/05/22 v1.7-166 caption3 kernel (AR)
Package caption3 Info: TeX engine: e-TeX on input line 67.

(/usr/share/texlive/texmf-dist/tex/latex/graphics/keyval.sty
Package: keyval 2014/10/28 v1.15 key=value parser (DPC)
\KV@toks@=\toks29
)
\captionmargin=\dimen122
\captionmargin@=\dimen123
\captionwidth=\dimen124
\caption@tempdima=\dimen125
\caption@indent=\dimen126
\caption@parindent=\dimen127
\caption@hangindent=\dimen128
)
\c@ContinuedFloat=\count107
)
(/usr/share/texlive/texmf-dist/tex/latex/caption/subcaption.sty
Package: subcaption 2016/05/22 v1.1-161 Sub-captions (AR)
\c@subfigure=\count108
\c@subtable=\count109
)
(/usr/share/texlive/texmf-dist/tex/latex/multirow/multirow.sty
Package: multirow 2016/11/25 v2.2 Span multiple rows of a table
\multirow@colwidth=\skip54
\multirow@cntb=\count110
\multirow@dima=\skip55
\bigstrutjot=\dimen129
)
(/usr/share/texlive/texmf-dist/tex/latex/morefloats/morefloats.sty
Package: morefloats 2015/07/22 v1.0h Raise limit of unprocessed floats (HMM)

(/usr/share/texlive/texmf-dist/tex/latex/oberdiek/kvoptions.sty
Package: kvoptions 2016/05/16 v3.12 Key value format for package options (HO)

(/usr/share/texlive/texmf-dist/tex/generic/oberdiek/ltxcmds.sty
Package: ltxcmds 2016/05/16 v1.23 LaTeX kernel commands for general use (HO)
)
(/usr/share/texlive/texmf-dist/tex/generic/oberdiek/kvsetkeys.sty
Package: kvsetkeys 2016/05/16 v1.17 Key value parser (HO)

(/usr/share/texlive/texmf-dist/tex/generic/oberdiek/infwarerr.sty
Package: infwarerr 2016/05/16 v1.4 Providing info/warning/error messages (HO)
)
(/usr/share/texlive/texmf-dist/tex/generic/oberdiek/etexcmds.sty
Package: etexcmds 2016/05/16 v1.6 Avoid name clashes with e-TeX commands (HO)

(/usr/share/texlive/texmf-dist/tex/generic/oberdiek/ifluatex.sty
Package: ifluatex 2016/05/16 v1.4 Provides the ifluatex switch (HO)
Package ifluatex Info: LuaTeX not detected.
)
Package etexcmds Info: Could not find \expanded.
(etexcmds)             That can mean that you are not using pdfTeX 1.50 or
(etexcmds)             that some package has redefined \expanded.
(etexcmds)             In the latter case, load this package earlier.
)))
Package morefloats Info: Maximum number of possible floats asked for: 36
(morefloats)             (i.e. 18 more floats).
(morefloats)             LaTeX might run out of memory before this
(morefloats)             (in which case it will notify you).
)
(/usr/share/texlive/texmf-dist/tex/latex/graphics/rotating.sty
Package: rotating 2016/08/11 v2.16d rotated objects in LaTeX

(/usr/share/texlive/texmf-dist/tex/latex/graphics/graphicx.sty
Package: graphicx 2017/06/01 v1.1a Enhanced LaTeX Graphics (DPC,SPQR)

(/usr/share/texlive/texmf-dist/tex/latex/graphics/graphics.sty
Package: graphics 2017/06/25 v1.2c Standard LaTeX Graphics (DPC,SPQR)

(/usr/share/texlive/texmf-dist/tex/latex/graphics/trig.sty
Package: trig 2016/01/03 v1.10 sin cos tan (DPC)
)
(/usr/share/texlive/texmf-dist/tex/latex/graphics-cfg/graphics.cfg
File: graphics.cfg 2016/06/04 v1.11 sample graphics configuration
)
Package graphics Info: Driver file: pdftex.def on input line 99.

(/usr/share/texlive/texmf-dist/tex/latex/graphics-def/pdftex.def
File: pdftex.def 2017/06/24 v1.0g Graphics/color driver for pdftex
))
\Gin@req@height=\dimen130
\Gin@req@width=\dimen131
)
(/usr/share/texlive/texmf-dist/tex/latex/base/ifthen.sty
Package: ifthen 2014/09/29 v1.1c Standard LaTeX ifthen package (DPC)
)
\c@r@tfl@t=\count111
\rotFPtop=\skip56
\rotFPbot=\skip57
\rot@float@box=\box30
\rot@mess@toks=\toks30
)
(/usr/share/texlive/texmf-dist/tex/latex/wrapfig/wrapfig.sty
\wrapoverhang=\dimen132
\WF@size=\dimen133
\c@WF@wrappedlines=\count112
\WF@box=\box31
\WF@everypar=\toks31
Package: wrapfig 2003/01/31  v 3.6
)
(/usr/share/texlive/texmf-dist/tex/latex/titlesec/block.tss
File: block.tss 2016/03/15
) (./amnat_sub.aux)
\openout1 = `amnat_sub.aux'.

LaTeX Font Info:    Checking defaults for OML/cmm/m/it on input line 44.
LaTeX Font Info:    ... okay on input line 44.
LaTeX Font Info:    Checking defaults for T1/cmr/m/n on input line 44.
LaTeX Font Info:    ... okay on input line 44.
LaTeX Font Info:    Checking defaults for OT1/cmr/m/n on input line 44.
LaTeX Font Info:    ... okay on input line 44.
LaTeX Font Info:    Checking defaults for OMS/cmsy/m/n on input line 44.
LaTeX Font Info:    ... okay on input line 44.
LaTeX Font Info:    Checking defaults for OMX/cmex/m/n on input line 44.
LaTeX Font Info:    ... okay on input line 44.
LaTeX Font Info:    Checking defaults for U/cmr/m/n on input line 44.
LaTeX Font Info:    ... okay on input line 44.
LaTeX Font Info:    Try loading font information for OT1+pplx on input line 44.


(/usr/share/texlive/texmf-dist/tex/latex/psnfss/ot1pplx.fd
File: ot1pplx.fd 2004/09/06 font definitions for OT1/pplx.
)
Package caption Info: Begin \AtBeginDocument code.
Package caption Info: rotating package is loaded.
Package caption Info: wrapfig package is loaded.
Package caption Info: End \AtBeginDocument code.

(/usr/share/texlive/texmf-dist/tex/context/base/mkii/supp-pdf.mkii
[Loading MPS to PDF converter (version 2006.09.02).]
\scratchcounter=\count113
\scratchdimen=\dimen134
\scratchbox=\box32
\nofMPsegments=\count114
\nofMParguments=\count115
\everyMPshowfont=\toks32
\MPscratchCnt=\count116
\MPscratchDim=\dimen135
\MPnumerator=\count117
\makeMPintoPDFobject=\count118
\everyMPtoPDFconversion=\toks33
) (/usr/share/texlive/texmf-dist/tex/latex/oberdiek/epstopdf-base.sty
Package: epstopdf-base 2016/05/15 v2.6 Base part for package epstopdf

(/usr/share/texlive/texmf-dist/tex/latex/oberdiek/grfext.sty
Package: grfext 2016/05/16 v1.2 Manage graphics extensions (HO)

(/usr/share/texlive/texmf-dist/tex/generic/oberdiek/kvdefinekeys.sty
Package: kvdefinekeys 2016/05/16 v1.4 Define keys (HO)
))
(/usr/share/texlive/texmf-dist/tex/generic/oberdiek/pdftexcmds.sty
Package: pdftexcmds 2017/03/19 v0.25 Utility functions of pdfTeX for LuaTeX (HO
)

(/usr/share/texlive/texmf-dist/tex/generic/oberdiek/ifpdf.sty
Package: ifpdf 2017/03/15 v3.2 Provides the ifpdf switch
)
Package pdftexcmds Info: LuaTeX not detected.
Package pdftexcmds Info: \pdf@primitive is available.
Package pdftexcmds Info: \pdf@ifprimitive is available.
Package pdftexcmds Info: \pdfdraftmode found.
)
Package epstopdf-base Info: Redefining graphics rule for `.eps' on input line 4
38.
Package grfext Info: Graphics extension search list:
(grfext)             [.pdf,.png,.jpg,.mps,.jpeg,.jbig2,.jb2,.PDF,.PNG,.JPG,.JPE
G,.JBIG2,.JB2,.eps]
(grfext)             \AppendGraphicsExtensions on input line 456.

(/usr/share/texlive/texmf-dist/tex/latex/latexconfig/epstopdf-sys.cfg
File: epstopdf-sys.cfg 2010/07/13 v1.3 Configuration of (r)epstopdf for TeX Liv
e
))
LaTeX Font Info:    Try loading font information for OML+zplm on input line 46.


(/usr/share/texlive/texmf-dist/tex/latex/psnfss/omlzplm.fd
File: omlzplm.fd 2002/09/08 Fontinst v1.914 font definitions for OML/zplm.
)
LaTeX Font Info:    Try loading font information for OMS+zplm on input line 46.


(/usr/share/texlive/texmf-dist/tex/latex/psnfss/omszplm.fd
File: omszplm.fd 2002/09/08 Fontinst v1.914 font definitions for OMS/zplm.
)
LaTeX Font Info:    Try loading font information for OMX+zplm on input line 46.


(/usr/share/texlive/texmf-dist/tex/latex/psnfss/omxzplm.fd
File: omxzplm.fd 2002/09/08 Fontinst v1.914 font definitions for OMX/zplm.
)
LaTeX Font Info:    Try loading font information for OT1+zplm on input line 46.


(/usr/share/texlive/texmf-dist/tex/latex/psnfss/ot1zplm.fd
File: ot1zplm.fd 2002/09/08 Fontinst v1.914 font definitions for OT1/zplm.
)
Overfull \hbox (10.50581pt too wide) in paragraph at lines 58--59
[]\OT1/pplx/m/it/10.95 Keywords\OT1/pplx/m/n/10.95 : species se-lec-tion, ge-o-
graphic range, en-vi-ron-men-tal pref-er-ence, pa-le-o-bi-ol-ogy, Bayesian 
 []

[1

{/var/lib/texmf/fonts/map/pdftex/updmap/pdftex.map}]
LaTeX Font Info:    Font shape `OT1/pplx/bx/n' in size <14.4> not available
(Font)              Font shape `OT1/pplx/b/n' tried instead on input line 73.
 [2] [3]
LaTeX Font Info:    Font shape `OT1/pplx/bx/n' in size <10.95> not available
(Font)              Font shape `OT1/pplx/b/n' tried instead on input line 88.


Package natbib Warning: Citation `Raup1994' on page 4 undefined on input line 8
8.


Package natbib Warning: Citation `Stanley1979' on page 4 undefined on input lin
e 88.


Package natbib Warning: Citation `Stanley1975' on page 4 undefined on input lin
e 88.


Package natbib Warning: Citation `Jablonski2008a' on page 4 undefined on input 
line 88.


Package natbib Warning: Citation `Rabosky2010b' on page 4 undefined on input li
ne 88.


Package natbib Warning: Citation `Raup1994' on page 4 undefined on input line 8
8.


Package natbib Warning: Citation `Stanley1975' on page 4 undefined on input lin
e 88.


Package natbib Warning: Citation `Cooper1984' on page 4 undefined on input line
 88.


Package natbib Warning: Citation `Rabosky2010b' on page 4 undefined on input li
ne 88.


Package natbib Warning: Citation `Jablonski1986' on page 4 undefined on input l
ine 90.


Package natbib Warning: Citation `Jablonski1986' on page 4 undefined on input l
ine 90.


Package natbib Warning: Citation `Wang2003' on page 4 undefined on input line 9
0.


Package natbib Warning: Citation `Payne2016' on page 4 undefined on input line 
90.


Package natbib Warning: Citation `Cooper1984' on page 4 undefined on input line
 92.


Package natbib Warning: Citation `Rabosky2010b' on page 4 undefined on input li
ne 92.


Package natbib Warning: Citation `Foote1996e' on page 4 undefined on input line
 92.


Package natbib Warning: Citation `Foote2000a' on page 4 undefined on input line
 92.


Package natbib Warning: Citation `Alroy2010' on page 4 undefined on input line 
92.


Package natbib Warning: Citation `Klein2003' on page 4 undefined on input line 
94.


Package natbib Warning: Citation `Simpson1944' on page 4 undefined on input lin
e 94.


Package natbib Warning: Citation `Simpson1953' on page 4 undefined on input lin
e 94.


Package natbib Warning: Citation `VanValen1973' on page 4 undefined on input li
ne 94.


Package natbib Warning: Citation `VanValen1979' on page 4 undefined on input li
ne 94.


Package natbib Warning: Citation `Smits2015' on page 4 undefined on input line 
94.


Package natbib Warning: Citation `Crampton2016' on page 4 undefined on input li
ne 94.


Package natbib Warning: Citation `Gelman2007' on page 4 undefined on input line
 94.


Package natbib Warning: Citation `Gelman2013d' on page 4 undefined on input lin
e 94.


Package natbib Warning: Citation `VanValen1973' on page 4 undefined on input li
ne 94.


Package natbib Warning: Citation `VanValen1979' on page 4 undefined on input li
ne 94.


Package natbib Warning: Citation `Raup1978' on page 4 undefined on input line 9
4.


Package natbib Warning: Citation `Raup1975' on page 4 undefined on input line 9
4.


Package natbib Warning: Citation `Foote1988' on page 4 undefined on input line 
94.


Package natbib Warning: Citation `Baumiller1993' on page 4 undefined on input l
ine 94.


Package natbib Warning: Citation `Simpson2006' on page 4 undefined on input lin
e 94.


Package natbib Warning: Citation `Crampton2016' on page 4 undefined on input li
ne 94.


Package natbib Warning: Citation `Ezard2012b' on page 4 undefined on input line
 94.


Overfull \hbox (0.46475pt too wide) in paragraph at lines 94--95
[]\OT1/pplx/m/n/10.95 The anal-y-sis of taxon du-ra-tions, or time from orig-i-
na-tion to ex-tinc-tion, falls un-der the purview
 []

[4]

Package natbib Warning: Citation `Payne2016' on page 5 undefined on input line 
96.


Package natbib Warning: Citation `Gelman2013d' on page 5 undefined on input lin
e 96.


Package natbib Warning: Citation `Gelman2013d' on page 5 undefined on input lin
e 96.


Package natbib Warning: Citation `Gelman2013d' on page 5 undefined on input lin
e 96.


Package natbib Warning: Citation `Maddison2007' on page 5 undefined on input li
ne 100.


Package natbib Warning: Citation `Fitzjohn2010' on page 5 undefined on input li
ne 100.


Package natbib Warning: Citation `Goldberg2011a' on page 5 undefined on input l
ine 100.


Package natbib Warning: Citation `Goldberg2005' on page 5 undefined on input li
ne 100.


Package natbib Warning: Citation `Rabosky2013' on page 5 undefined on input lin
e 100.


Package natbib Warning: Citation `Stadler2013b' on page 5 undefined on input li
ne 100.


Package natbib Warning: Citation `Stadler2011a' on page 5 undefined on input li
ne 100.


Package natbib Warning: Citation `Stadler2013a' on page 5 undefined on input li
ne 100.


Package natbib Warning: Citation `Rabosky2010b' on page 5 undefined on input li
ne 100.


Package natbib Warning: Citation `Jablonski2008a' on page 5 undefined on input 
line 100.


Package natbib Warning: Citation `Hunt2014a' on page 5 undefined on input line 
100.


Package natbib Warning: Citation `Rabosky2010a' on page 5 undefined on input li
ne 100.


Package natbib Warning: Citation `Quental2009' on page 5 undefined on input lin
e 100.


Package natbib Warning: Citation `Liow2010a' on page 5 undefined on input line 
100.


Package natbib Warning: Citation `Cooper1984' on page 5 undefined on input line
 105.


Package natbib Warning: Citation `Palmer2012' on page 5 undefined on input line
 105.


Package natbib Warning: Citation `Jablonski2008a' on page 5 undefined on input 
line 105.


Package natbib Warning: Citation `Rabosky2010b' on page 5 undefined on input li
ne 105.

[5]

Package natbib Warning: Citation `Jablonski1986' on page 6 undefined on input l
ine 107.


Package natbib Warning: Citation `Jablonski1987' on page 6 undefined on input l
ine 107.


Package natbib Warning: Citation `Jablonski2003' on page 6 undefined on input l
ine 107.


Package natbib Warning: Citation `Payne2007' on page 6 undefined on input line 
107.


Package natbib Warning: Citation `Jablonski2008a' on page 6 undefined on input 
line 107.


Package natbib Warning: Citation `Harnik2013' on page 6 undefined on input line
 107.


Package natbib Warning: Citation `Finnegan2012a' on page 6 undefined on input l
ine 107.


Package natbib Warning: Citation `Miller2009a' on page 6 undefined on input lin
e 109.


Package natbib Warning: Citation `Sheehan2001b' on page 6 undefined on input li
ne 109.


Package natbib Warning: Citation `Peters2008' on page 6 undefined on input line
 109.


Package natbib Warning: Citation `Miller2009a' on page 6 undefined on input lin
e 109.


Package natbib Warning: Citation `Johnson1974' on page 6 undefined on input lin
e 109.


Package natbib Warning: Citation `Peters2007' on page 6 undefined on input line
 109.


Package natbib Warning: Citation `Miller2009a' on page 6 undefined on input lin
e 111.


Package natbib Warning: Citation `Miller2009a' on page 6 undefined on input lin
e 111.


Package natbib Warning: Citation `Miller2009a' on page 6 undefined on input lin
e 111.


Package natbib Warning: Citation `Sheehan2001b' on page 6 undefined on input li
ne 111.

[6]

Package natbib Warning: Citation `Simpson1944' on page 7 undefined on input lin
e 113.


Package natbib Warning: Citation `Liow2004a' on page 7 undefined on input line 
113.


Package natbib Warning: Citation `Liow2007b' on page 7 undefined on input line 
113.


Package natbib Warning: Citation `Nurnberg2013a' on page 7 undefined on input l
ine 113.


Package natbib Warning: Citation `Nurnberg2015' on page 7 undefined on input li
ne 113.


Package natbib Warning: Citation `Baumiller1993' on page 7 undefined on input l
ine 113.


Package natbib Warning: Citation `Smits2015' on page 7 undefined on input line 
113.


Package natbib Warning: Citation `Payne2014' on page 7 undefined on input line 
115.


Package natbib Warning: Citation `Harnik2011' on page 7 undefined on input line
 115.


Package natbib Warning: Citation `Payne2014' on page 7 undefined on input line 
115.


Package natbib Warning: Citation `Harnik2014' on page 7 undefined on input line
 115.


Package natbib Warning: Citation `Harnik2011' on page 7 undefined on input line
 115.


Package natbib Warning: Citation `Solow1997' on page 7 undefined on input line 
117.


Package natbib Warning: Citation `Wagner2013a' on page 7 undefined on input lin
e 117.


Package natbib Warning: Citation `Wang2004' on page 7 undefined on input line 1
17.


Package natbib Warning: Citation `Liow2010b' on page 7 undefined on input line 
117.


Package natbib Warning: Citation `Alroy2014a' on page 7 undefined on input line
 117.


Package natbib Warning: Citation `Foote1996e' on page 7 undefined on input line
 117.

[7]

Package natbib Warning: Citation `Payne2014' on page 8 undefined on input line 
144.


Package natbib Warning: Citation `Miller2009a' on page 8 undefined on input lin
e 144.


Package natbib Warning: Citation `Foote2013' on page 8 undefined on input line 
144.


Package natbib Warning: Citation `Ritterbush2017' on page 8 undefined on input 
line 144.


Package natbib Warning: Citation `Foote2013' on page 8 undefined on input line 
144.


Package natbib Warning: Citation `Payne2014' on page 8 undefined on input line 
144.


Overfull \hbox (64.56024pt too wide) in paragraph at lines 144--145
\OT1/pplx/m/n/10.95 The bra-chio-pod dataset an-a-lyzed here was sourced from t
he Pa-le-o-bi-ol-ogy Database (http://www.paleodb.org)
 []


Overfull \hbox (3.80614pt too wide) in paragraph at lines 144--145
\OT1/pplx/m/n/10.95 Obolel-l-ida, Ku-torginida, Strophome-nida, Spir-iferida). 
Tem-po-ral (post-Cambrian Pa-le-o-zoic), strati-
 []


Package natbib Warning: Citation `Alroy2010' on page 8 undefined on input line 
147.


Package natbib Warning: Citation `Foote2013' on page 8 undefined on input line 
147.


Package natbib Warning: Citation `Harnik2013' on page 8 undefined on input line
 147.


Package natbib Warning: Citation `Kiessling2007a' on page 8 undefined on input 
line 147.


Package natbib Warning: Citation `Miller2009a' on page 8 undefined on input lin
e 147.


Package natbib Warning: Citation `Nurnberg2013a' on page 8 undefined on input l
ine 147.


Package natbib Warning: Citation `Nurnberg2015' on page 8 undefined on input li
ne 147.


Package natbib Warning: Citation `Payne2007' on page 8 undefined on input line 
147.


Package natbib Warning: Citation `Ritterbush2017' on page 8 undefined on input 
line 147.


Package natbib Warning: Citation `Simpson2009' on page 8 undefined on input lin
e 147.


Package natbib Warning: Citation `Vilhena2013' on page 8 undefined on input lin
e 147.


Package natbib Warning: Citation `Foote2014b' on page 8 undefined on input line
 147.


Package natbib Warning: Citation `Hoehn2015' on page 8 undefined on input line 
147.

[8]

Package natbib Warning: Citation `raster' on page 9 undefined on input line 153
.


Package natbib Warning: Citation `Chao2015a' on page 9 undefined on input line 
153.

[9]

Package natbib Warning: Citation `Payne2014' on page 10 undefined on input line
 165.


Package natbib Warning: Citation `Brunton2007' on page 10 undefined on input li
ne 165.


Package natbib Warning: Citation `Foote1996e' on page 10 undefined on input lin
e 169.


Package natbib Warning: Citation `Foote2000' on page 10 undefined on input line
 169.


Package natbib Warning: Citation `Rubin1996' on page 10 undefined on input line
 171.


Package natbib Warning: Citation `Gelman2007' on page 10 undefined on input lin
e 171.


Package natbib Warning: Citation `Smithson2006' on page 10 undefined on input l
ine 173.


Package natbib Warning: Citation `Gelman2007' on page 10 undefined on input lin
e 173.

[10]

Package natbib Warning: Citation `Gelman2013d' on page 11 undefined on input li
ne 182.


Package natbib Warning: Citation `Gelman2007' on page 11 undefined on input lin
e 182.


Package natbib Warning: Citation `Gelman2013d' on page 11 undefined on input li
ne 182.


Package natbib Warning: Citation `Klein2003' on page 11 undefined on input line
 184.


Overfull \hbox (9.00575pt too wide) in paragraph at lines 184--185
[]\OT1/pplx/m/n/10.95 Genus du-ra-tions were as-sumed to fol-low a Weibull dis-
tri-bu-tion which al-lows for age-dependent
 []


Package natbib Warning: Citation `Klein2003' on page 11 undefined on input line
 186.

[11]

Package natbib Warning: Citation `Kleinbaum2005' on page 12 undefined on input 
line 188.


Package natbib Warning: Citation `Lewandowski2009' on page 12 undefined on inpu
t line 197.


Package natbib Warning: Citation `StanManual' on page 12 undefined on input lin
e 197.

[12]

Package natbib Warning: Citation `VanValen1973' on page 13 undefined on input l
ine 212.


Package natbib Warning: Citation `Rubin1996' on page 13 undefined on input line
 218.


Package natbib Warning: Citation `Gelman2007' on page 13 undefined on input lin
e 218.


Package natbib Warning: Citation `Rubin1996' on page 13 undefined on input line
 218.

[13]

Package natbib Warning: Citation `Gelman2013d' on page 14 undefined on input li
ne 233.


Package natbib Warning: Citation `StanManual' on page 14 undefined on input lin
e 235.


Package natbib Warning: Citation `Hoffman2014' on page 14 undefined on input li
ne 247.


Package natbib Warning: Citation `2014stan' on page 14 undefined on input line 
247.


Package natbib Warning: Citation `Gelman2013d' on page 14 undefined on input li
ne 247.

[14]

Package natbib Warning: Citation `Gelman2013d' on page 15 undefined on input li
ne 254.


Package natbib Warning: Citation `Gelman2013d' on page 15 undefined on input li
ne 254.

[15]
<figure/ppc_dens_zoom_cweib_cens.pdf, id=60, pagebox=cropbox, 433.62pt x 361.35
pt>
File: figure/ppc_dens_zoom_cweib_cens.pdf Graphic file (type pdf)
<use figure/ppc_dens_zoom_cweib_cens.pdf>
Package pdftex.def Info: figure/ppc_dens_zoom_cweib_cens.pdf  used on input lin
e 280. on input line 280.
Package pdftex.def Info: Requested size: 372.2575pt x 310.2146pt on input line 
280.
 [16]
<figure/survival_curves_cweib_cens.pdf, id=64, pagebox=cropbox, 433.62pt x 361.
35pt>
File: figure/survival_curves_cweib_cens.pdf Graphic file (type pdf)
<use figure/survival_curves_cweib_cens.pdf>
Package pdftex.def Info: figure/survival_curves_cweib_cens.pdf  used on input l
ine 290. on input line 290.
Package pdftex.def Info: Requested size: 372.2575pt x 310.2146pt on input line 
290.
 [17 <./figure/ppc_dens_zoom_cweib_cens.pdf>]
<figure/ppc_mean_cweib_cens.pdf, id=77, pagebox=cropbox, 433.62pt x 361.35pt>
File: figure/ppc_mean_cweib_cens.pdf Graphic file (type pdf)
<use figure/ppc_mean_cweib_cens.pdf>
Package pdftex.def Info: figure/ppc_mean_cweib_cens.pdf  used on input line 302
. on input line 302.
Package pdftex.def Info: Requested size: 169.11111pt x 140.92593pt on input lin
e 302.
<figure/ppc_median_cweib_cens.pdf, id=78, pagebox=cropbox, 433.62pt x 361.35pt>

File: figure/ppc_median_cweib_cens.pdf Graphic file (type pdf)
<use figure/ppc_median_cweib_cens.pdf>
Package pdftex.def Info: figure/ppc_median_cweib_cens.pdf  used on input line 3
07. on input line 307.
Package pdftex.def Info: Requested size: 169.11111pt x 140.92593pt on input lin
e 307.
 [18 <./figure/survival_curves_cweib_cens.pdf>]
<figure/ppc_surv_coh.png, id=91, 758.835pt x 578.16pt>
File: figure/ppc_surv_coh.png Graphic file (type png)
<use figure/ppc_surv_coh.png>
Package pdftex.def Info: figure/ppc_surv_coh.png  used on input line 322. on in
put line 322.
Package pdftex.def Info: Requested size: 407.14798pt x 310.20798pt on input lin
e 322.
 [19 <./figure/ppc_mean_cweib_cens.pdf> <./figure/ppc_median_cweib_cens.pdf>] [
20 <./figure/ppc_surv_coh.png (PNG copy)>]
<figure/ppc_mean_group_cweib_cens.pdf, id=113, pagebox=cropbox, 722.7pt x 578.1
6pt>
File: figure/ppc_mean_group_cweib_cens.pdf Graphic file (type pdf)
<use figure/ppc_mean_group_cweib_cens.pdf>
Package pdftex.def Info: figure/ppc_mean_group_cweib_cens.pdf  used on input li
ne 334. on input line 334.
Package pdftex.def Info: Requested size: 387.75996pt x 310.20798pt on input lin
e 334.
<figure/ppc_med_group_cweib_cens.pdf, id=114, pagebox=cropbox, 722.7pt x 578.16
pt>
File: figure/ppc_med_group_cweib_cens.pdf Graphic file (type pdf)
<use figure/ppc_med_group_cweib_cens.pdf>
Package pdftex.def Info: figure/ppc_med_group_cweib_cens.pdf  used on input lin
e 341. on input line 341.
Package pdftex.def Info: Requested size: 387.75996pt x 310.20798pt on input lin
e 341.
 [21 <./figure/ppc_mean_group_cweib_cens.pdf>] [22 <./figure/ppc_med_group_cwei
b_cens.pdf>]
Underfull \hbox (badness 10000) in paragraph at lines 359--359
[]\OT1/pplx/m/n/10.95 geographic
 []


Underfull \hbox (badness 10000) in paragraph at lines 360--360
[]\OT1/pplx/m/n/10.95 environmental
 []


Underfull \hbox (badness 10000) in paragraph at lines 361--361
[]\OT1/pplx/m/n/10.95 environmental
 []


Underfull \hbox (badness 10000) in paragraph at lines 365--365
[]\OT1/pplx/m/n/10.95 geographic
 []


Underfull \hbox (badness 10000) in paragraph at lines 366--366
[]\OT1/pplx/m/n/10.95 environmental
 []


Underfull \hbox (badness 10000) in paragraph at lines 367--367
[]\OT1/pplx/m/n/10.95 environmental
 []


LaTeX Warning: `h' float specifier changed to `ht'.

[23]
<figure/env_effect_med_cweib_cens.pdf, id=138, pagebox=cropbox, 433.62pt x 361.
35pt>
File: figure/env_effect_med_cweib_cens.pdf Graphic file (type pdf)
<use figure/env_effect_med_cweib_cens.pdf>
Package pdftex.def Info: figure/env_effect_med_cweib_cens.pdf  used on input li
ne 389. on input line 389.
Package pdftex.def Info: Requested size: 372.2575pt x 310.2146pt on input line 
389.
 [24


] [25]
<figure/cohort_series_cweib_cens.pdf, id=146, pagebox=cropbox, 542.025pt x 722.
7pt>
File: figure/cohort_series_cweib_cens.pdf Graphic file (type pdf)
<use figure/cohort_series_cweib_cens.pdf>
Package pdftex.def Info: figure/cohort_series_cweib_cens.pdf  used on input lin
e 414. on input line 414.
Package pdftex.def Info: Requested size: 372.26082pt x 496.34776pt on input lin
e 414.


LaTeX Warning: Float too large for page by 24.63753pt on input line 417.

[26] [27]
<figure/env_cohort_med_cweib_cens.pdf, id=153, pagebox=cropbox, 542.025pt x 578
.16pt>
File: figure/env_cohort_med_cweib_cens.pdf Graphic file (type pdf)
<use figure/env_cohort_med_cweib_cens.pdf>
Package pdftex.def Info: figure/env_cohort_med_cweib_cens.pdf  used on input li
ne 441. on input line 441.
Package pdftex.def Info: Requested size: 465.32188pt x 496.34335pt on input lin
e 441.


LaTeX Warning: Float too large for page by 47.75308pt on input line 444.

[28]
<figure/wei_cor_heatmap_cweib_cens.png, id=157, 1505.625pt x 1505.625pt>
File: figure/wei_cor_heatmap_cweib_cens.png Graphic file (type png)
<use figure/wei_cor_heatmap_cweib_cens.png>
Package pdftex.def Info: figure/wei_cor_heatmap_cweib_cens.png  used on input l
ine 458. on input line 458.
Package pdftex.def Info: Requested size: 469.74852pt x 469.74852pt on input lin
e 458.
 [29]

Package natbib Warning: Citation `VanValen1973' on page 30 undefined on input l
ine 466.


Package natbib Warning: Citation `Wagner2014b' on page 30 undefined on input li
ne 466.


Package natbib Warning: Citation `Quental2013' on page 30 undefined on input li
ne 466.


Package natbib Warning: Citation `Smits2015' on page 30 undefined on input line
 466.


Package natbib Warning: Citation `Rosindell2015a' on page 30 undefined on input
 line 466.


Package natbib Warning: Citation `Finnegan2008' on page 30 undefined on input l
ine 466.


Package natbib Warning: Citation `Crampton2016' on page 30 undefined on input l
ine 466.


Package natbib Warning: Citation `Sepkoski1975' on page 30 undefined on input l
ine 466.


Package natbib Warning: Citation `Jablonski1986' on page 30 undefined on input 
line 482.

[30]

Package natbib Warning: Citation `Miller2009a' on page 31 undefined on input li
ne 484.


Package natbib Warning: Citation `Simpson1944' on page 31 undefined on input li
ne 488.


Package natbib Warning: Citation `Nurnberg2013a' on page 31 undefined on input 
line 488.


Package natbib Warning: Citation `Harnik2013' on page 31 undefined on input lin
e 488.


Package natbib Warning: Citation `Harnik2011' on page 31 undefined on input lin
e 488.


Package natbib Warning: Citation `Heim2011' on page 31 undefined on input line 
488.


Package natbib Warning: Citation `Hopkins2014a' on page 31 undefined on input l
ine 490.

[31]

Package natbib Warning: Citation `Royle2008' on page 32 undefined on input line
 492.


Package natbib Warning: Citation `Liow2008' on page 32 undefined on input line 
492.


Package natbib Warning: Citation `Tomiya2013' on page 32 undefined on input lin
e 492.


Package natbib Warning: Citation `Liow2010b' on page 32 undefined on input line
 492.


Package natbib Warning: Citation `Raup1991b' on page 32 undefined on input line
 501.


Package natbib Warning: Citation `Raup1994' on page 32 undefined on input line 
501.


Package natbib Warning: Citation `Jablonski1987' on page 32 undefined on input 
line 501.


Package natbib Warning: Citation `Jablonski2007' on page 32 undefined on input 
line 501.


Package natbib Warning: Citation `Jablonski2008a' on page 32 undefined on input
 line 501.


Package natbib Warning: Citation `Alexander1977' on page 32 undefined on input 
line 504.

[32]

Package natbib Warning: Citation `Sepkoski1981a' on page 33 undefined on input 
line 507.


Package natbib Warning: Citation `Sepkoski1981a' on page 33 undefined on input 
line 509.


Package natbib Warning: Citation `Payne2007' on page 33 undefined on input line
 509.


Package natbib Warning: Citation `Sepkoski1981a' on page 33 undefined on input 
line 509.


Package natbib Warning: Citation `Jablonski1987' on page 33 undefined on input 
line 511.


Package natbib Warning: Citation `Hunt2005b' on page 33 undefined on input line
 511.


Package natbib Warning: Citation `Felsenstein1985b' on page 33 undefined on inp
ut line 511.


Package natbib Warning: Citation `Smits2015' on page 33 undefined on input line
 511.


Package natbib Warning: Citation `Smits2015' on page 33 undefined on input line
 513.


Package natbib Warning: Citation `Slater2013a' on page 33 undefined on input li
ne 513.


Package natbib Warning: Citation `Slater2015b' on page 33 undefined on input li
ne 513.


Package natbib Warning: Citation `Simpson2011' on page 33 undefined on input li
ne 513.


Package natbib Warning: Citation `Tomiya2013' on page 33 undefined on input lin
e 513.


Package natbib Warning: Citation `Slater2012' on page 33 undefined on input lin
e 513.


Package natbib Warning: Citation `Raia2013c' on page 33 undefined on input line
 513.


Package natbib Warning: Citation `Raia2012f' on page 33 undefined on input line
 513.


Package natbib Warning: Citation `Harnik2014' on page 33 undefined on input lin
e 513.


Package natbib Warning: Citation `Fritz2013a' on page 33 undefined on input lin
e 513.

[33]

Package natbib Warning: Citation `Liow2004a' on page 34 undefined on input line
 517.


Package natbib Warning: Citation `Liow2007b' on page 34 undefined on input line
 517.


Package natbib Warning: Citation `Simpson1944' on page 34 undefined on input li
ne 517.


Package natbib Warning: Citation `Simpson1953' on page 34 undefined on input li
ne 517.


Package natbib Warning: Citation `Smits2015' on page 34 undefined on input line
 517.


Package natbib Warning: Citation `Nurnberg2015' on page 34 undefined on input l
ine 517.


Package natbib Warning: Citation `Nurnberg2013a' on page 34 undefined on input 
line 517.


Package natbib Warning: Citation `Baumiller1993' on page 34 undefined on input 
line 517.

[34] [35]
No file amnat_sub.bbl.
[36 <./figure/env_effect_med_cweib_cens.pdf>] [37 <./figure/cohort_series_cweib
_cens.pdf>] [38 <./figure/env_cohort_med_cweib_cens.pdf>] [39 <./figure/wei_cor
_heatmap_cweib_cens.png (PNG copy)>]

Package natbib Warning: There were undefined citations.

(./amnat_sub.aux) ) 
Here is how much of TeX's memory you used:
 4998 strings out of 492990
 72012 string characters out of 6135004
 130592 words of memory out of 5000000
 8414 multiletter control sequences out of 15000+600000
 39308 words of font info for 102 fonts, out of 8000000 for 9000
 1141 hyphenation exceptions out of 8191
 36i,12n,39p,1406b,450s stack positions out of 5000i,500n,10000p,200000b,80000s
{/usr/share/texlive/texmf-dist/fonts/enc/dvips/base/8r.enc}<
/usr/share/texlive/texmf-dist/fonts/type1/public/amsfonts/cm/cmex10.pfb></usr/s
hare/texlive/texmf-dist/fonts/type1/public/amsfonts/cm/cmmi10.pfb></usr/share/t
exlive/texmf-dist/fonts/type1/public/amsfonts/cm/cmr10.pfb></usr/share/texlive/
texmf-dist/fonts/type1/public/amsfonts/cm/cmsy10.pfb></usr/share/texlive/texmf-
dist/fonts/type1/public/amsfonts/cm/cmtt10.pfb></usr/share/texlive/texmf-dist/f
onts/type1/public/mathpazo/fplmr.pfb></usr/share/texlive/texmf-dist/fonts/type1
/public/mathpazo/fplmri.pfb></usr/share/texlive/texmf-dist/fonts/type1/urw/pala
tino/uplb8a.pfb></usr/share/texlive/texmf-dist/fonts/type1/urw/palatino/uplr8a.
pfb></usr/share/texlive/texmf-dist/fonts/type1/urw/palatino/uplri8a.pfb>
Output written on amnat_sub.pdf (39 pages, 8232804 bytes).
PDF statistics:
 260 PDF objects out of 1000 (max. 8388607)
 187 compressed objects within 2 object streams
 0 named destinations out of 1000 (max. 500000)
 56 words of extra memory for PDF output out of 10000 (max. 10000000)

