This is pdfTeX, Version 3.14159265-2.6-1.40.18 (TeX Live 2017/Debian) (preloaded format=pdflatex 2017.10.27)  2 MAR 2018 14:13
entering extended mode
 restricted \write18 enabled.
 %&-line parsing enabled.
**evol_submission.tex
(./evol_submission.tex
LaTeX2e <2017-04-15>
Babel <3.12> and hyphenation patterns for 84 language(s) loaded.
(/usr/share/texlive/texmf-dist/tex/latex/base/article.cls
Document Class: article 2014/09/29 v1.4h Standard LaTeX document class
(/usr/share/texlive/texmf-dist/tex/latex/base/size10.clo
File: size10.clo 2014/09/29 v1.4h Standard LaTeX file (size option)
)
\c@part=\count79
\c@section=\count80
\c@subsection=\count81
\c@subsubsection=\count82
\c@paragraph=\count83
\c@subparagraph=\count84
\c@figure=\count85
\c@table=\count86
\abovecaptionskip=\skip41
\belowcaptionskip=\skip42
\bibindent=\dimen102
)
(/usr/share/texlive/texmf-dist/tex/latex/amsmath/amsmath.sty
Package: amsmath 2016/11/05 v2.16a AMS math features
\@mathmargin=\skip43

For additional information on amsmath, use the `?' option.
(/usr/share/texlive/texmf-dist/tex/latex/amsmath/amstext.sty
Package: amstext 2000/06/29 v2.01 AMS text

(/usr/share/texlive/texmf-dist/tex/latex/amsmath/amsgen.sty
File: amsgen.sty 1999/11/30 v2.0 generic functions
\@emptytoks=\toks14
\ex@=\dimen103
))
(/usr/share/texlive/texmf-dist/tex/latex/amsmath/amsbsy.sty
Package: amsbsy 1999/11/29 v1.2d Bold Symbols
\pmbraise@=\dimen104
)
(/usr/share/texlive/texmf-dist/tex/latex/amsmath/amsopn.sty
Package: amsopn 2016/03/08 v2.02 operator names
)
\inf@bad=\count87
LaTeX Info: Redefining \frac on input line 213.
\uproot@=\count88
\leftroot@=\count89
LaTeX Info: Redefining \overline on input line 375.
\classnum@=\count90
\DOTSCASE@=\count91
LaTeX Info: Redefining \ldots on input line 472.
LaTeX Info: Redefining \dots on input line 475.
LaTeX Info: Redefining \cdots on input line 596.
\Mathstrutbox@=\box26
\strutbox@=\box27
\big@size=\dimen105
LaTeX Font Info:    Redeclaring font encoding OML on input line 712.
LaTeX Font Info:    Redeclaring font encoding OMS on input line 713.
\macc@depth=\count92
\c@MaxMatrixCols=\count93
\dotsspace@=\muskip10
\c@parentequation=\count94
\dspbrk@lvl=\count95
\tag@help=\toks15
\row@=\count96
\column@=\count97
\maxfields@=\count98
\andhelp@=\toks16
\eqnshift@=\dimen106
\alignsep@=\dimen107
\tagshift@=\dimen108
\tagwidth@=\dimen109
\totwidth@=\dimen110
\lineht@=\dimen111
\@envbody=\toks17
\multlinegap=\skip44
\multlinetaggap=\skip45
\mathdisplay@stack=\toks18
LaTeX Info: Redefining \[ on input line 2817.
LaTeX Info: Redefining \] on input line 2818.
)
(/usr/share/texlive/texmf-dist/tex/latex/amscls/amsthm.sty
Package: amsthm 2015/03/04 v2.20.2
\thm@style=\toks19
\thm@bodyfont=\toks20
\thm@headfont=\toks21
\thm@notefont=\toks22
\thm@headpunct=\toks23
\thm@preskip=\skip46
\thm@postskip=\skip47
\thm@headsep=\skip48
\dth@everypar=\toks24
)
(/usr/share/texlive/texmf-dist/tex/latex/setspace/setspace.sty
Package: setspace 2011/12/19 v6.7a set line spacing
)
(/usr/share/texlive/texmf-dist/tex/latex/microtype/microtype.sty
Package: microtype 2017/07/07 v2.7 Micro-typographical refinements (RS)

(/usr/share/texlive/texmf-dist/tex/latex/graphics/keyval.sty
Package: keyval 2014/10/28 v1.15 key=value parser (DPC)
\KV@toks@=\toks25
)
\MT@toks=\toks26
\MT@count=\count99
LaTeX Info: Redefining \textls on input line 789.
\MT@outer@kern=\dimen112
LaTeX Info: Redefining \textmicrotypecontext on input line 1334.
\MT@listname@count=\count100

(/usr/share/texlive/texmf-dist/tex/latex/microtype/microtype-pdftex.def
File: microtype-pdftex.def 2017/07/07 v2.7 Definitions specific to pdftex (RS)
LaTeX Info: Redefining \lsstyle on input line 912.
LaTeX Info: Redefining \lslig on input line 912.
\MT@outer@space=\skip49
)
Package microtype Info: Loading configuration file microtype.cfg.

(/usr/share/texlive/texmf-dist/tex/latex/microtype/microtype.cfg
File: microtype.cfg 2017/07/07 v2.7 microtype main configuration file (RS)
))
(/usr/share/texlive/texmf-dist/tex/latex/parskip/parskip.sty
Package: parskip 2001/04/09 non-zero parskip adjustments
)
(/usr/share/texlive/texmf-dist/tex/latex/natbib/natbib.sty
Package: natbib 2010/09/13 8.31b (PWD, AO)
\bibhang=\skip50
\bibsep=\skip51
LaTeX Info: Redefining \cite on input line 694.
\c@NAT@ctr=\count101
)
(/usr/share/texlive/texmf-dist/tex/latex/lineno/lineno.sty
Package: lineno 2005/11/02 line numbers on paragraphs v4.41
\linenopenalty=\count102
\output=\toks27
\linenoprevgraf=\count103
\linenumbersep=\dimen113
\linenumberwidth=\dimen114
\c@linenumber=\count104
\c@pagewiselinenumber=\count105
\c@LN@truepage=\count106
\c@internallinenumber=\count107
\c@internallinenumbers=\count108
\quotelinenumbersep=\dimen115
\bframerule=\dimen116
\bframesep=\dimen117
\bframebox=\box28
LaTeX Info: Redefining \\ on input line 3056.
)
(/usr/share/texlive/texmf-dist/tex/latex/docmute/docmute.sty
Package: docmute 2012/03/22 v1.4 Input stand-alone documents
)
(/usr/share/texlive/texmf-dist/tex/latex/caption/caption.sty
Package: caption 2016/02/21 v3.3-144 Customizing captions (AR)

(/usr/share/texlive/texmf-dist/tex/latex/caption/caption3.sty
Package: caption3 2016/05/22 v1.7-166 caption3 kernel (AR)
Package caption3 Info: TeX engine: e-TeX on input line 67.
\captionmargin=\dimen118
\captionmargin@=\dimen119
\captionwidth=\dimen120
\caption@tempdima=\dimen121
\caption@indent=\dimen122
\caption@parindent=\dimen123
\caption@hangindent=\dimen124
)
\c@ContinuedFloat=\count109
)
(/usr/share/texlive/texmf-dist/tex/latex/caption/subcaption.sty
Package: subcaption 2016/05/22 v1.1-161 Sub-captions (AR)
\c@subfigure=\count110
\c@subtable=\count111
)
(/usr/share/texlive/texmf-dist/tex/latex/multirow/multirow.sty
Package: multirow 2016/11/25 v2.2 Span multiple rows of a table
\multirow@colwidth=\skip52
\multirow@cntb=\count112
\multirow@dima=\skip53
\bigstrutjot=\dimen125
)
(/usr/share/texlive/texmf-dist/tex/latex/morefloats/morefloats.sty
Package: morefloats 2015/07/22 v1.0h Raise limit of unprocessed floats (HMM)

(/usr/share/texlive/texmf-dist/tex/latex/oberdiek/kvoptions.sty
Package: kvoptions 2016/05/16 v3.12 Key value format for package options (HO)

(/usr/share/texlive/texmf-dist/tex/generic/oberdiek/ltxcmds.sty
Package: ltxcmds 2016/05/16 v1.23 LaTeX kernel commands for general use (HO)
)
(/usr/share/texlive/texmf-dist/tex/generic/oberdiek/kvsetkeys.sty
Package: kvsetkeys 2016/05/16 v1.17 Key value parser (HO)

(/usr/share/texlive/texmf-dist/tex/generic/oberdiek/infwarerr.sty
Package: infwarerr 2016/05/16 v1.4 Providing info/warning/error messages (HO)
)
(/usr/share/texlive/texmf-dist/tex/generic/oberdiek/etexcmds.sty
Package: etexcmds 2016/05/16 v1.6 Avoid name clashes with e-TeX commands (HO)

(/usr/share/texlive/texmf-dist/tex/generic/oberdiek/ifluatex.sty
Package: ifluatex 2016/05/16 v1.4 Provides the ifluatex switch (HO)
Package ifluatex Info: LuaTeX not detected.
)
Package etexcmds Info: Could not find \expanded.
(etexcmds)             That can mean that you are not using pdfTeX 1.50 or
(etexcmds)             that some package has redefined \expanded.
(etexcmds)             In the latter case, load this package earlier.
)))
Package morefloats Info: Maximum number of possible floats asked for: 36
(morefloats)             (i.e. 18 more floats).
(morefloats)             LaTeX might run out of memory before this
(morefloats)             (in which case it will notify you).
)
(/usr/share/texlive/texmf-dist/tex/latex/graphics/rotating.sty
Package: rotating 2016/08/11 v2.16d rotated objects in LaTeX

(/usr/share/texlive/texmf-dist/tex/latex/graphics/graphicx.sty
Package: graphicx 2017/06/01 v1.1a Enhanced LaTeX Graphics (DPC,SPQR)

(/usr/share/texlive/texmf-dist/tex/latex/graphics/graphics.sty
Package: graphics 2017/06/25 v1.2c Standard LaTeX Graphics (DPC,SPQR)

(/usr/share/texlive/texmf-dist/tex/latex/graphics/trig.sty
Package: trig 2016/01/03 v1.10 sin cos tan (DPC)
)
(/usr/share/texlive/texmf-dist/tex/latex/graphics-cfg/graphics.cfg
File: graphics.cfg 2016/06/04 v1.11 sample graphics configuration
)
Package graphics Info: Driver file: pdftex.def on input line 99.

(/usr/share/texlive/texmf-dist/tex/latex/graphics-def/pdftex.def
File: pdftex.def 2017/06/24 v1.0g Graphics/color driver for pdftex
))
\Gin@req@height=\dimen126
\Gin@req@width=\dimen127
)
(/usr/share/texlive/texmf-dist/tex/latex/base/ifthen.sty
Package: ifthen 2014/09/29 v1.1c Standard LaTeX ifthen package (DPC)
)
\c@r@tfl@t=\count113
\rotFPtop=\skip54
\rotFPbot=\skip55
\rot@float@box=\box29
\rot@mess@toks=\toks28
)
(/usr/share/texlive/texmf-dist/tex/latex/wrapfig/wrapfig.sty
\wrapoverhang=\dimen128
\WF@size=\dimen129
\c@WF@wrappedlines=\count114
\WF@box=\box30
\WF@everypar=\toks29
Package: wrapfig 2003/01/31  v 3.6
)
(./evol_submission.aux)
\openout1 = `evol_submission.aux'.

LaTeX Font Info:    Checking defaults for OML/cmm/m/it on input line 18.
LaTeX Font Info:    ... okay on input line 18.
LaTeX Font Info:    Checking defaults for T1/cmr/m/n on input line 18.
LaTeX Font Info:    ... okay on input line 18.
LaTeX Font Info:    Checking defaults for OT1/cmr/m/n on input line 18.
LaTeX Font Info:    ... okay on input line 18.
LaTeX Font Info:    Checking defaults for OMS/cmsy/m/n on input line 18.
LaTeX Font Info:    ... okay on input line 18.
LaTeX Font Info:    Checking defaults for OMX/cmex/m/n on input line 18.
LaTeX Font Info:    ... okay on input line 18.
LaTeX Font Info:    Checking defaults for U/cmr/m/n on input line 18.
LaTeX Font Info:    ... okay on input line 18.
LaTeX Info: Redefining \microtypecontext on input line 18.
Package microtype Info: Generating PDF output.
Package microtype Info: Character protrusion enabled (level 2).
Package microtype Info: Using default protrusion set `alltext'.
Package microtype Info: Automatic font expansion enabled (level 2),
(microtype)             stretch: 20, shrink: 20, step: 1, non-selected.
Package microtype Info: Using default expansion set `basictext'.
Package microtype Info: No adjustment of tracking.
Package microtype Info: No adjustment of interword spacing.
Package microtype Info: No adjustment of character kerning.

(/usr/share/texlive/texmf-dist/tex/latex/microtype/mt-cmr.cfg
File: mt-cmr.cfg 2013/05/19 v2.2 microtype config. file: Computer Modern Roman 
(RS)
)
Package caption Info: Begin \AtBeginDocument code.
Package caption Info: rotating package is loaded.
Package caption Info: wrapfig package is loaded.
Package caption Info: End \AtBeginDocument code.

(/usr/share/texlive/texmf-dist/tex/context/base/mkii/supp-pdf.mkii
[Loading MPS to PDF converter (version 2006.09.02).]
\scratchcounter=\count115
\scratchdimen=\dimen130
\scratchbox=\box31
\nofMPsegments=\count116
\nofMParguments=\count117
\everyMPshowfont=\toks30
\MPscratchCnt=\count118
\MPscratchDim=\dimen131
\MPnumerator=\count119
\makeMPintoPDFobject=\count120
\everyMPtoPDFconversion=\toks31
) (/usr/share/texlive/texmf-dist/tex/latex/oberdiek/epstopdf-base.sty
Package: epstopdf-base 2016/05/15 v2.6 Base part for package epstopdf

(/usr/share/texlive/texmf-dist/tex/latex/oberdiek/grfext.sty
Package: grfext 2016/05/16 v1.2 Manage graphics extensions (HO)

(/usr/share/texlive/texmf-dist/tex/generic/oberdiek/kvdefinekeys.sty
Package: kvdefinekeys 2016/05/16 v1.4 Define keys (HO)
))
(/usr/share/texlive/texmf-dist/tex/generic/oberdiek/pdftexcmds.sty
Package: pdftexcmds 2017/03/19 v0.25 Utility functions of pdfTeX for LuaTeX (HO
)

(/usr/share/texlive/texmf-dist/tex/generic/oberdiek/ifpdf.sty
Package: ifpdf 2017/03/15 v3.2 Provides the ifpdf switch
)
Package pdftexcmds Info: LuaTeX not detected.
Package pdftexcmds Info: \pdf@primitive is available.
Package pdftexcmds Info: \pdf@ifprimitive is available.
Package pdftexcmds Info: \pdfdraftmode found.
)
Package epstopdf-base Info: Redefining graphics rule for `.eps' on input line 4
38.
Package grfext Info: Graphics extension search list:
(grfext)             [.pdf,.png,.jpg,.mps,.jpeg,.jbig2,.jb2,.PDF,.PNG,.JPG,.JPE
G,.JBIG2,.JB2,.eps]
(grfext)             \AppendGraphicsExtensions on input line 456.

(/usr/share/texlive/texmf-dist/tex/latex/latexconfig/epstopdf-sys.cfg
File: epstopdf-sys.cfg 2010/07/13 v1.3 Configuration of (r)epstopdf for TeX Liv
e
))
\docmute@nestinglevel=\count121
Package microtype Info: Loading generic protrusion settings for font family
(microtype)             `cmss' (encoding: OT1).
(microtype)             For optimal results, create family-specific settings.
(microtype)             See the microtype manual for details.

[1

{/var/lib/texmf/fonts/map/pdftex/updmap/pdftex.map}]

Package natbib Warning: Citation `Raup1994' on page 1 undefined on input line 5
2.


Package natbib Warning: Citation `Stanley1979' on page 1 undefined on input lin
e 52.


Package natbib Warning: Citation `Stanley1975' on page 1 undefined on input lin
e 52.


Package natbib Warning: Citation `Rabosky2010b' on page 1 undefined on input li
ne 52.


Package natbib Warning: Citation `Jablonski2008a' on page 1 undefined on input 
line 52.


Package natbib Warning: Citation `Raup1994' on page 1 undefined on input line 5
2.


Package natbib Warning: Citation `Stanley1975' on page 1 undefined on input lin
e 52.

[1]

Package natbib Warning: Citation `Jablonski1986' on page 2 undefined on input l
ine 54.


Package natbib Warning: Citation `Jablonski1986' on page 2 undefined on input l
ine 54.


Package natbib Warning: Citation `Wang2003' on page 2 undefined on input line 5
4.


Package natbib Warning: Citation `Foote1996e' on page 2 undefined on input line
 58.


Package natbib Warning: Citation `Foote2000a' on page 2 undefined on input line
 58.


Package natbib Warning: Citation `Alroy2010' on page 2 undefined on input line 
58.


Package natbib Warning: Citation `Klein2003' on page 2 undefined on input line 
60.


Package natbib Warning: Citation `Simpson1944' on page 2 undefined on input lin
e 60.


Package natbib Warning: Citation `Simpson1953' on page 2 undefined on input lin
e 60.


Package natbib Warning: Citation `VanValen1973' on page 2 undefined on input li
ne 60.


Package natbib Warning: Citation `VanValen1979' on page 2 undefined on input li
ne 60.


Package natbib Warning: Citation `Smits2015' on page 2 undefined on input line 
60.


Package natbib Warning: Citation `Crampton2016' on page 2 undefined on input li
ne 60.


Package natbib Warning: Citation `Gelman2007' on page 2 undefined on input line
 60.


Package natbib Warning: Citation `Gelman2013d' on page 2 undefined on input lin
e 60.


Package natbib Warning: Citation `VanValen1973' on page 2 undefined on input li
ne 60.


Package natbib Warning: Citation `VanValen1979' on page 2 undefined on input li
ne 60.


Package natbib Warning: Citation `Raup1978' on page 2 undefined on input line 6
0.


Package natbib Warning: Citation `Raup1975' on page 2 undefined on input line 6
0.


Package natbib Warning: Citation `Foote1988' on page 2 undefined on input line 
60.


Package natbib Warning: Citation `Baumiller1993' on page 2 undefined on input l
ine 60.


Package natbib Warning: Citation `Simpson2006' on page 2 undefined on input lin
e 60.


Package natbib Warning: Citation `Crampton2016' on page 2 undefined on input li
ne 60.


Package natbib Warning: Citation `Ezard2012b' on page 2 undefined on input line
 60.

[2] [3]

Package natbib Warning: Citation `Maddison2007' on page 4 undefined on input li
ne 67.


Package natbib Warning: Citation `Fitzjohn2010' on page 4 undefined on input li
ne 67.


Package natbib Warning: Citation `Goldberg2011a' on page 4 undefined on input l
ine 67.


Package natbib Warning: Citation `Goldberg2005' on page 4 undefined on input li
ne 67.


Package natbib Warning: Citation `Rabosky2013' on page 4 undefined on input lin
e 67.


Package natbib Warning: Citation `Stadler2013b' on page 4 undefined on input li
ne 67.


Package natbib Warning: Citation `Stadler2011a' on page 4 undefined on input li
ne 67.


Package natbib Warning: Citation `Stadler2013a' on page 4 undefined on input li
ne 67.


Package natbib Warning: Citation `Rabosky2010b' on page 4 undefined on input li
ne 67.


Package natbib Warning: Citation `Jablonski2008a' on page 4 undefined on input 
line 67.


Package natbib Warning: Citation `Hunt2014a' on page 4 undefined on input line 
67.


Package natbib Warning: Citation `Rabosky2010a' on page 4 undefined on input li
ne 67.


Package natbib Warning: Citation `Quental2009' on page 4 undefined on input lin
e 67.


Package natbib Warning: Citation `Liow2010a' on page 4 undefined on input line 
67.


Package natbib Warning: Citation `Cooper1984' on page 4 undefined on input line
 72.


Package natbib Warning: Citation `Palmer2012' on page 4 undefined on input line
 72.


Package natbib Warning: Citation `Jablonski2008a' on page 4 undefined on input 
line 72.


Package natbib Warning: Citation `Rabosky2010b' on page 4 undefined on input li
ne 72.


Package natbib Warning: Citation `Jablonski1986' on page 4 undefined on input l
ine 74.


Package natbib Warning: Citation `Jablonski1987' on page 4 undefined on input l
ine 74.


Package natbib Warning: Citation `Jablonski2003' on page 4 undefined on input l
ine 74.


Package natbib Warning: Citation `Payne2007' on page 4 undefined on input line 
74.


Package natbib Warning: Citation `Jablonski2008a' on page 4 undefined on input 
line 74.


Package natbib Warning: Citation `Harnik2013' on page 4 undefined on input line
 74.


Package natbib Warning: Citation `Finnegan2012a' on page 4 undefined on input l
ine 74.

[4]

Package natbib Warning: Citation `Miller2009a' on page 5 undefined on input lin
e 76.


Package natbib Warning: Citation `Sheehan2001b' on page 5 undefined on input li
ne 76.


Package natbib Warning: Citation `Peters2008' on page 5 undefined on input line
 76.


Package natbib Warning: Citation `Miller2009a' on page 5 undefined on input lin
e 76.


Package natbib Warning: Citation `Johnson1974' on page 5 undefined on input lin
e 76.


Package natbib Warning: Citation `Peters2007' on page 5 undefined on input line
 76.


Package natbib Warning: Citation `Miller2009a' on page 5 undefined on input lin
e 78.


Package natbib Warning: Citation `Miller2009a' on page 5 undefined on input lin
e 78.


Package natbib Warning: Citation `Miller2009a' on page 5 undefined on input lin
e 78.


Package natbib Warning: Citation `Sheehan2001b' on page 5 undefined on input li
ne 78.

[5]

Package natbib Warning: Citation `Simpson1944' on page 6 undefined on input lin
e 80.


Package natbib Warning: Citation `Liow2004a' on page 6 undefined on input line 
80.


Package natbib Warning: Citation `Liow2007b' on page 6 undefined on input line 
80.


Package natbib Warning: Citation `Nurnberg2013a' on page 6 undefined on input l
ine 80.


Package natbib Warning: Citation `Nurnberg2015' on page 6 undefined on input li
ne 80.


Package natbib Warning: Citation `Baumiller1993' on page 6 undefined on input l
ine 80.


Package natbib Warning: Citation `Smits2015' on page 6 undefined on input line 
80.


Package natbib Warning: Citation `Payne2014' on page 6 undefined on input line 
82.


Package natbib Warning: Citation `Harnik2011' on page 6 undefined on input line
 82.


Package natbib Warning: Citation `Payne2014' on page 6 undefined on input line 
82.


Package natbib Warning: Citation `Harnik2014' on page 6 undefined on input line
 82.


Package natbib Warning: Citation `Harnik2011' on page 6 undefined on input line
 82.


Package natbib Warning: Citation `Solow1997' on page 6 undefined on input line 
84.


Package natbib Warning: Citation `Wagner2013a' on page 6 undefined on input lin
e 84.


Package natbib Warning: Citation `Wang2004' on page 6 undefined on input line 8
4.


Package natbib Warning: Citation `Liow2010b' on page 6 undefined on input line 
84.


Package natbib Warning: Citation `Alroy2014a' on page 6 undefined on input line
 84.


Package natbib Warning: Citation `Foote1996e' on page 6 undefined on input line
 84.

[6]

Package natbib Warning: Citation `Payne2014' on page 7 undefined on input line 
94.


Package natbib Warning: Citation `Miller2009a' on page 7 undefined on input lin
e 94.


Package natbib Warning: Citation `Foote2013' on page 7 undefined on input line 
94.


Package natbib Warning: Citation `Payne2014' on page 7 undefined on input line 
94.


Package natbib Warning: Citation `Alroy2010' on page 7 undefined on input line 
97.


Package natbib Warning: Citation `Foote2013' on page 7 undefined on input line 
97.


Package natbib Warning: Citation `Harnik2013' on page 7 undefined on input line
 97.


Package natbib Warning: Citation `Kiessling2007a' on page 7 undefined on input 
line 97.


Package natbib Warning: Citation `Miller2009a' on page 7 undefined on input lin
e 97.


Package natbib Warning: Citation `Nurnberg2013a' on page 7 undefined on input l
ine 97.


Package natbib Warning: Citation `Nurnberg2015' on page 7 undefined on input li
ne 97.


Package natbib Warning: Citation `Payne2007' on page 7 undefined on input line 
97.


Package natbib Warning: Citation `Simpson2009' on page 7 undefined on input lin
e 97.


Package natbib Warning: Citation `Vilhena2013' on page 7 undefined on input lin
e 97.


Package natbib Warning: Citation `Foote2014b' on page 7 undefined on input line
 97.


Package natbib Warning: Citation `Hoehn2015' on page 7 undefined on input line 
97.

[7]

Package natbib Warning: Citation `Klein2003' on page 8 undefined on input line 
99.

Package microtype Info: Loading generic protrusion settings for font family
(microtype)             `cmtt' (encoding: OT1).
(microtype)             For optimal results, create family-specific settings.
(microtype)             See the microtype manual for details.

Package natbib Warning: Citation `raster' on page 8 undefined on input line 103
.


Package natbib Warning: Citation `Chao2015a' on page 8 undefined on input line 
103.

[8]

Package natbib Warning: Citation `Payne2014' on page 9 undefined on input line 
115.


Package natbib Warning: Citation `Brunton2007' on page 9 undefined on input lin
e 115.


Package natbib Warning: Citation `Foote1996e' on page 9 undefined on input line
 117.


Package natbib Warning: Citation `Foote2000' on page 9 undefined on input line 
117.

[9]

Package natbib Warning: Citation `Rubin1996' on page 10 undefined on input line
 119.


Package natbib Warning: Citation `Gelman2007' on page 10 undefined on input lin
e 119.


Package natbib Warning: Citation `Smithson2006' on page 10 undefined on input l
ine 121.


Package natbib Warning: Citation `Gelman2007' on page 10 undefined on input lin
e 121.


Package natbib Warning: Citation `Gelman2013d' on page 10 undefined on input li
ne 131.


Package natbib Warning: Citation `Gelman2007' on page 10 undefined on input lin
e 131.


Package natbib Warning: Citation `Gelman2013d' on page 10 undefined on input li
ne 131.

[10]

Package natbib Warning: Citation `Klein2003' on page 11 undefined on input line
 133.


Package natbib Warning: Citation `Klein2003' on page 11 undefined on input line
 135.


Package natbib Warning: Citation `Kleinbaum2005' on page 11 undefined on input 
line 137.

[11]

Package natbib Warning: Citation `Lewandowski2009' on page 12 undefined on inpu
t line 146.


Package natbib Warning: Citation `stan-manual:2014' on page 12 undefined on inp
ut line 146.

[12]

Package natbib Warning: Citation `VanValen1973' on page 13 undefined on input l
ine 160.


Package natbib Warning: Citation `Rubin1996' on page 13 undefined on input line
 167.


Package natbib Warning: Citation `Gelman2007' on page 13 undefined on input lin
e 167.


Package natbib Warning: Citation `Rubin1996' on page 13 undefined on input line
 167.

[13]

Package natbib Warning: Citation `Gelman2013d' on page 14 undefined on input li
ne 182.


Package natbib Warning: Citation `Hoffman2014' on page 14 undefined on input li
ne 211.


Package natbib Warning: Citation `2014stan' on page 14 undefined on input line 
211.


Package natbib Warning: Citation `Gelman2013d' on page 14 undefined on input li
ne 211.

[14]

Package natbib Warning: Citation `Gelman2013d' on page 15 undefined on input li
ne 223.

[15] [16]

Package natbib Warning: Citation `Miller2009a' on page 17 undefined on input li
ne 256.


Package natbib Warning: Citation `Edwards1985' on page 17 undefined on input li
ne 258.


Package natbib Warning: Citation `Joachimski2009' on page 17 undefined on input
 line 258.


Package natbib Warning: Citation `Munnecke2010' on page 17 undefined on input l
ine 258.

[17]

Package natbib Warning: Citation `Jablonski1986' on page 18 undefined on input 
line 269.

[18]

Package natbib Warning: Citation `Rubin1996' on page 19 undefined on input line
 275.


Package natbib Warning: Citation `Gelman2007' on page 19 undefined on input lin
e 275.

[19]

Package natbib Warning: Citation `VanValen1973' on page 20 undefined on input l
ine 281.


Package natbib Warning: Citation `Wagner2014b' on page 20 undefined on input li
ne 281.


Package natbib Warning: Citation `Quental2013' on page 20 undefined on input li
ne 281.


Package natbib Warning: Citation `Smits2015' on page 20 undefined on input line
 281.


Package natbib Warning: Citation `Rosindell2015a' on page 20 undefined on input
 line 281.


Package natbib Warning: Citation `Finnegan2008' on page 20 undefined on input l
ine 281.


Package natbib Warning: Citation `Crampton2016' on page 20 undefined on input l
ine 281.


Package natbib Warning: Citation `Sepkoski1975' on page 20 undefined on input l
ine 281.


Package natbib Warning: Citation `Jablonski1986' on page 20 undefined on input 
line 286.


Package natbib Warning: Citation `Miller2009a' on page 20 undefined on input li
ne 288.

[20]

Package natbib Warning: Citation `Nurnberg2013a' on page 21 undefined on input 
line 292.


Package natbib Warning: Citation `Harnik2013' on page 21 undefined on input lin
e 292.


Package natbib Warning: Citation `Harnik2011' on page 21 undefined on input lin
e 292.


Package natbib Warning: Citation `Heim2011' on page 21 undefined on input line 
292.


Package natbib Warning: Citation `Simpson1944' on page 21 undefined on input li
ne 292.


Package natbib Warning: Citation `Hopkins2014a' on page 21 undefined on input l
ine 294.

[21]

Package natbib Warning: Citation `Royle2008' on page 22 undefined on input line
 296.


Package natbib Warning: Citation `Liow2008' on page 22 undefined on input line 
296.


Package natbib Warning: Citation `Tomiya2013' on page 22 undefined on input lin
e 296.


Package natbib Warning: Citation `Liow2010b' on page 22 undefined on input line
 296.


Package natbib Warning: Citation `Raup1991b' on page 22 undefined on input line
 305.


Package natbib Warning: Citation `Raup1994' on page 22 undefined on input line 
305.


Package natbib Warning: Citation `Jablonski1987' on page 22 undefined on input 
line 305.


Package natbib Warning: Citation `Jablonski2007' on page 22 undefined on input 
line 305.


Package natbib Warning: Citation `Jablonski2008a' on page 22 undefined on input
 line 305.

[22]

Package natbib Warning: Citation `Alexander1977' on page 23 undefined on input 
line 308.


Package natbib Warning: Citation `Sepkoski1981a' on page 23 undefined on input 
line 311.


Package natbib Warning: Citation `Sepkoski1981a' on page 23 undefined on input 
line 313.


Package natbib Warning: Citation `Payne2007' on page 23 undefined on input line
 313.


Package natbib Warning: Citation `Sepkoski1981a' on page 23 undefined on input 
line 313.

[23]

Package natbib Warning: Citation `Jablonski1987' on page 24 undefined on input 
line 315.


Package natbib Warning: Citation `Hunt2005b' on page 24 undefined on input line
 315.


Package natbib Warning: Citation `Felsenstein1985b' on page 24 undefined on inp
ut line 315.


Package natbib Warning: Citation `Smits2015' on page 24 undefined on input line
 315.


Package natbib Warning: Citation `Smits2015' on page 24 undefined on input line
 317.


Package natbib Warning: Citation `Slater2013a' on page 24 undefined on input li
ne 317.


Package natbib Warning: Citation `Slater2015b' on page 24 undefined on input li
ne 317.


Package natbib Warning: Citation `Simpson2011' on page 24 undefined on input li
ne 317.


Package natbib Warning: Citation `Tomiya2013' on page 24 undefined on input lin
e 317.


Package natbib Warning: Citation `Slater2012' on page 24 undefined on input lin
e 317.


Package natbib Warning: Citation `Raia2013c' on page 24 undefined on input line
 317.


Package natbib Warning: Citation `Raia2012f' on page 24 undefined on input line
 317.


Package natbib Warning: Citation `Harnik2014' on page 24 undefined on input lin
e 317.


Package natbib Warning: Citation `Fritz2013a' on page 24 undefined on input lin
e 317.


Package natbib Warning: Citation `Liow2004a' on page 24 undefined on input line
 320.


Package natbib Warning: Citation `Liow2007b' on page 24 undefined on input line
 320.


Package natbib Warning: Citation `Simpson1944' on page 24 undefined on input li
ne 320.


Package natbib Warning: Citation `Simpson1953' on page 24 undefined on input li
ne 320.


Package natbib Warning: Citation `Smits2015' on page 24 undefined on input line
 320.


Package natbib Warning: Citation `Nurnberg2015' on page 24 undefined on input l
ine 320.


Package natbib Warning: Citation `Nurnberg2013a' on page 24 undefined on input 
line 320.


Package natbib Warning: Citation `Baumiller1993' on page 24 undefined on input 
line 320.

[24] [25] [26]
No file evol_submission.bbl.

Underfull \hbox (badness 10000) in paragraph at lines 346--346
[]\OT1/cmr/m/n/10 (+20) geographic
 []


Underfull \hbox (badness 10000) in paragraph at lines 347--347
[]\OT1/cmr/m/n/10 (+20) environmental
 []


Underfull \hbox (badness 10000) in paragraph at lines 348--348
[]\OT1/cmr/m/n/10 (+20) environmental
 []


Underfull \hbox (badness 10000) in paragraph at lines 352--352
[]\OT1/cmr/m/n/10 (+20) geographic
 []


Underfull \hbox (badness 10000) in paragraph at lines 353--353
[]\OT1/cmr/m/n/10 (+20) environmental
 []


Underfull \hbox (badness 10000) in paragraph at lines 354--354
[]\OT1/cmr/m/n/10 (+20) environmental
 []

[27]

! LaTeX Error: File `figure/survival_curves' not found.

See the LaTeX manual or LaTeX Companion for explanation.
Type  H <return>  for immediate help.
 ...                                              
                                                  
l.371 ...aspectratio=true]{figure/survival_curves}
                                                  
? 

! LaTeX Error: File `figure/shotgun' not found.

See the LaTeX manual or LaTeX Companion for explanation.
Type  H <return>  for immediate help.
 ...                                              
                                                  
l.379 ...dth,keepaspectratio=true]{figure/shotgun}
                                                  
? 

! LaTeX Error: File `figure/env_effect' not found.

See the LaTeX manual or LaTeX Companion for explanation.
Type  H <return>  for immediate help.
 ...                                              
                                                  
l.387 ...,keepaspectratio=true]{figure/env_effect}
                                                  
? 

! LaTeX Error: File `figure/cohort_series' not found.

See the LaTeX manual or LaTeX Companion for explanation.
Type  H <return>  for immediate help.
 ...                                              
                                                  
l.395 ...epaspectratio=true]{figure/cohort_series}
                                                  
? 

! LaTeX Error: File `figure/env_cohort' not found.

See the LaTeX manual or LaTeX Companion for explanation.
Type  H <return>  for immediate help.
 ...                                              
                                                  
l.403 ...,keepaspectratio=true]{figure/env_cohort}
                                                  
? 

! LaTeX Error: File `figure/wei_cor_heatmap' not found.

See the LaTeX manual or LaTeX Companion for explanation.
Type  H <return>  for immediate help.
 ...                                              
                                                  
l.411 ...aspectratio=true]{figure/wei_cor_heatmap}
                                                  
? 

! LaTeX Error: File `figure/imputation_compare' not found.

See the LaTeX manual or LaTeX Companion for explanation.
Type  H <return>  for immediate help.
 ...                                              
                                                  
l.418 ...ectratio=true]{figure/imputation_compare}
                                                  
? 

Package natbib Warning: There were undefined citations.

[28



] [29] (./evol_submission.aux) ) 
Here is how much of TeX's memory you used:
 5842 strings out of 492990
 89781 string characters out of 6135004
 183679 words of memory out of 5000000
 9234 multiletter control sequences out of 15000+600000
 9598 words of font info for 64 fonts, out of 8000000 for 9000
 1141 hyphenation exceptions out of 8191
 36i,14n,39p,1436b,358s stack positions out of 5000i,500n,10000p,200000b,80000s
</usr/share/texlive/texmf-dist/fonts/type1/publ
ic/amsfonts/cm/cmbx10.pfb></usr/share/texlive/texmf-dist/fonts/type1/public/ams
fonts/cm/cmbx12.pfb></usr/share/texlive/texmf-dist/fonts/type1/public/amsfonts/
cm/cmbx9.pfb></usr/share/texlive/texmf-dist/fonts/type1/public/amsfonts/cm/cmex
10.pfb></usr/share/texlive/texmf-dist/fonts/type1/public/amsfonts/cm/cmmi10.pfb
></usr/share/texlive/texmf-dist/fonts/type1/public/amsfonts/cm/cmmi7.pfb></usr/
share/texlive/texmf-dist/fonts/type1/public/amsfonts/cm/cmr10.pfb></usr/share/t
exlive/texmf-dist/fonts/type1/public/amsfonts/cm/cmr12.pfb></usr/share/texlive/
texmf-dist/fonts/type1/public/amsfonts/cm/cmr5.pfb></usr/share/texlive/texmf-di
st/fonts/type1/public/amsfonts/cm/cmr7.pfb></usr/share/texlive/texmf-dist/fonts
/type1/public/amsfonts/cm/cmr9.pfb></usr/share/texlive/texmf-dist/fonts/type1/p
ublic/amsfonts/cm/cmss8.pfb></usr/share/texlive/texmf-dist/fonts/type1/public/a
msfonts/cm/cmsy10.pfb></usr/share/texlive/texmf-dist/fonts/type1/public/amsfont
s/cm/cmsy7.pfb></usr/share/texlive/texmf-dist/fonts/type1/public/amsfonts/cm/cm
ti10.pfb></usr/share/texlive/texmf-dist/fonts/type1/public/amsfonts/cm/cmtt10.p
fb>
Output written on evol_submission.pdf (30 pages, 239852 bytes).
PDF statistics:
 165 PDF objects out of 1000 (max. 8388607)
 115 compressed objects within 2 object streams
 0 named destinations out of 1000 (max. 500000)
 13825 words of extra memory for PDF output out of 14400 (max. 10000000)

